Using pre-set license
Built from '2020.2/release' branch; Version is '2020.2.1f1 (270dd8c3da1c) revision 2559448'; Using compiler version '192528614'; Build Type 'Release'
OS: 'Windows 10  (10.0.0) 64bit' Language: 'en' Physical Memory: 10186 MB
BatchMode: 1, IsHumanControllingUs: 0, StartBugReporterOnCrash: 0, Is64bit: 1, IsPro: 0

 COMMAND LINE ARGUMENTS:
C:\Program Files\Unity\Hub\Editor\2020.2.1f1\Editor\Unity.exe
-adb2
-batchMode
-noUpm
-name
AssetImportWorker0
-projectPath
C:/Charming Ape/Charming-App
-logFile
Logs/AssetImportWorker0.log
-srvPort
49956
Successfully changed project path to: C:/Charming Ape/Charming-App
C:/Charming Ape/Charming-App
Using Asset Import Pipeline V2.
Refreshing native plugins compatible for Editor in 131.74 ms, found 3 plugins.
Preloading 0 native plugins for Editor in 0.00 ms.
Initialize engine version: 2020.2.1f1 (270dd8c3da1c)
[Subsystems] Discovering subsystems at path C:/Program Files/Unity/Hub/Editor/2020.2.1f1/Editor/Data/Resources/UnitySubsystems
[Subsystems] Discovering subsystems at path C:/Charming Ape/Charming-App/Assets
GfxDevice: creating device client; threaded=0
Direct3D:
    Version:  Direct3D 11.0 [level 11.1]
    Renderer: NVIDIA GeForce GTX 1050 (ID=0x1c81)
    Vendor:   
    VRAM:     1977 MB
    Driver:   27.21.14.6089
Initialize mono
Mono path[0] = 'C:/Program Files/Unity/Hub/Editor/2020.2.1f1/Editor/Data/Managed'
Mono path[1] = 'C:/Program Files/Unity/Hub/Editor/2020.2.1f1/Editor/Data/MonoBleedingEdge/lib/mono/unityjit'
Mono config path = 'C:/Program Files/Unity/Hub/Editor/2020.2.1f1/Editor/Data/MonoBleedingEdge/etc'
Using monoOptions --debugger-agent=transport=dt_socket,embedding=1,server=y,suspend=n,address=127.0.0.1:56372
Begin MonoManager ReloadAssembly
Registering precompiled unity dll's ...
Register platform support module: C:/Program Files/Unity/Hub/Editor/2020.2.1f1/Editor/Data/PlaybackEngines/WindowsStandaloneSupport/UnityEditor.WindowsStandalone.Extensions.dll
Registered in 0.003159 seconds.
Native extension for WindowsStandalone target not found
Refreshing native plugins compatible for Editor in 59.31 ms, found 3 plugins.
Preloading 0 native plugins for Editor in 0.00 ms.
Invoked RoslynAnalysisRunner static constructor.
RoslynAnalysisRunner will not be running.
RoslynAnalysisRunner has terminated.
Mono: successfully reloaded assembly
- Completed reload, in  3.585 seconds
Platform modules already initialized, skipping
Registering precompiled user dll's ...
Registered in 0.039602 seconds.
Begin MonoManager ReloadAssembly
Native extension for WindowsStandalone target not found
Refreshing native plugins compatible for Editor in 2.09 ms, found 3 plugins.
Preloading 0 native plugins for Editor in 0.00 ms.
UnityIAP: [InitializeOnLoad] Facebook Check
UnityIAP: Runtime [2020.2.1f1]
UnityIAP: Current Build is Android:StandaloneWindows
UnityIAP: stub FacebookStore.dll disabled
Invoked RoslynAnalysisRunner static constructor.
RoslynAnalysisRunner will not be running.
RoslynAnalysisRunner has terminated.
Mono: successfully reloaded assembly
- Completed reload, in  3.340 seconds
Platform modules already initialized, skipping
========================================================================
Worker process is ready to serve import requests
Launched and connected shader compiler UnityShaderCompiler.exe after 0.15 seconds
Refreshing native plugins compatible for Editor in 1.95 ms, found 3 plugins.
Preloading 0 native plugins for Editor in 0.00 ms.
Unloading 1373 Unused Serialized files (Serialized files now loaded: 0)
System memory in use before: 64.8 MB.
System memory in use after: 64.9 MB.

Unloading 80 unused Assets to reduce memory usage. Loaded Objects now: 1760.
Total: 11.719700 ms (FindLiveObjects: 0.368300 ms CreateObjectMapping: 0.098000 ms MarkObjects: 11.080900 ms  DeleteObjects: 0.165200 ms)

========================================================================
Received Import Request.
  path: Assets/Prefabs/UI/Toggle_AllowAds.prefab
  artifactKey: Guid(3d9e6b0fdc037ec47b9ec07432f2b05e) Importer(815301076,1909f56bfc062723c751e8b465ee728b)
Start importing Assets/Prefabs/UI/Toggle_AllowAds.prefab using Guid(3d9e6b0fdc037ec47b9ec07432f2b05e) Importer(815301076,1909f56bfc062723c751e8b465ee728b)  -> (artifact id: 'ec904244c87a0b25737e094d95ba757e') in 0.221970 seconds
  Import took 0.227613 seconds .

========================================================================
Received Import Request.
  Time since last request: 270.179426 seconds.
  path: Assets/Scripts/Services/UnityRewardedAdsButton.cs
  artifactKey: Guid(eb0bfc84c500a4e4db899e887466fa7a) Importer(815301076,1909f56bfc062723c751e8b465ee728b)
Start importing Assets/Scripts/Services/UnityRewardedAdsButton.cs using Guid(eb0bfc84c500a4e4db899e887466fa7a) Importer(815301076,1909f56bfc062723c751e8b465ee728b)  -> (artifact id: 'ec5812884d55547e8224976c1b504438') in 0.027911 seconds
  Import took 0.032301 seconds .

========================================================================
Received Import Request.
  Time since last request: 0.345600 seconds.
  path: Assets/Scripts/Services/UnityAdsController.cs
  artifactKey: Guid(87c8a0b568dcf074aaac8f3d5a348d88) Importer(815301076,1909f56bfc062723c751e8b465ee728b)
Start importing Assets/Scripts/Services/UnityAdsController.cs using Guid(87c8a0b568dcf074aaac8f3d5a348d88) Importer(815301076,1909f56bfc062723c751e8b465ee728b)  -> (artifact id: '6d4a6412b11c184056a04317a30091b7') in 0.021827 seconds
  Import took 0.028215 seconds .

========================================================================
Received Import Request.
  Time since last request: 0.636500 seconds.
  path: Assets/Scripts/UI/AllowAdsToggle.cs
  artifactKey: Guid(1278af17f21f1a24db70b1dbeac3af20) Importer(815301076,1909f56bfc062723c751e8b465ee728b)
Start importing Assets/Scripts/UI/AllowAdsToggle.cs using Guid(1278af17f21f1a24db70b1dbeac3af20) Importer(815301076,1909f56bfc062723c751e8b465ee728b)  -> (artifact id: 'b57445c0df55fc69795a7840375b579d') in 0.020497 seconds
  Import took 0.025735 seconds .

========================================================================
Received Import Request.
  Time since last request: 1.216369 seconds.
  path: Assets/Scripts/UI/AdsOptInButton.cs
  artifactKey: Guid(c515a9be1d6651c4b851adee2f5d94b1) Importer(815301076,1909f56bfc062723c751e8b465ee728b)
Start importing Assets/Scripts/UI/AdsOptInButton.cs using Guid(c515a9be1d6651c4b851adee2f5d94b1) Importer(815301076,1909f56bfc062723c751e8b465ee728b)  -> (artifact id: 'e4518035c3390054d47e9628acef31c2') in 0.022838 seconds
  Import took 0.027753 seconds .

========================================================================
Received Import Request.
  Time since last request: 4.092425 seconds.
  path: Assets/Images/Ads
  artifactKey: Guid(c48599d5ada853244997988b65550978) Importer(815301076,1909f56bfc062723c751e8b465ee728b)
Start importing Assets/Images/Ads using Guid(c48599d5ada853244997988b65550978) Importer(815301076,1909f56bfc062723c751e8b465ee728b)  -> (artifact id: '1cf034d18aea285ff30d1258670d5f78') in 0.021785 seconds
  Import took 0.026764 seconds .

========================================================================
Received Import Request.
  Time since last request: 0.992787 seconds.
  path: Assets/Images/Ads/mobile banner 1
  artifactKey: Guid(bf198231e40b569459ae3c4ca747f57d) Importer(815301076,1909f56bfc062723c751e8b465ee728b)
Start importing Assets/Images/Ads/mobile banner 1 using Guid(bf198231e40b569459ae3c4ca747f57d) Importer(815301076,1909f56bfc062723c751e8b465ee728b)  -> (artifact id: 'fea0c6f148a2988a68f9cada9dad8665') in 0.021266 seconds
  Import took 0.024977 seconds .

========================================================================
Received Import Request.
  Time since last request: 1.385448 seconds.
  path: Assets/Images/Ads/mobile banner 1/banner_300_x50_a.png
  artifactKey: Guid(3ac0f4a0e6203d54a9ed0fa4db1bb7fd) Importer(815301076,1909f56bfc062723c751e8b465ee728b)
Start importing Assets/Images/Ads/mobile banner 1/banner_300_x50_a.png using Guid(3ac0f4a0e6203d54a9ed0fa4db1bb7fd) Importer(815301076,1909f56bfc062723c751e8b465ee728b)  -> (artifact id: 'ae0d16d61d4fc167025023b0c04b1086') in 0.328883 seconds
  Import took 0.335253 seconds .

========================================================================
Received Import Request.
  Time since last request: 0.000415 seconds.
  path: Assets/Images/Ads/mobile banner 1/banner_300_x50_b.png
  artifactKey: Guid(f53f33ebd5cceb144a7e1c8089859ab1) Importer(815301076,1909f56bfc062723c751e8b465ee728b)
Start importing Assets/Images/Ads/mobile banner 1/banner_300_x50_b.png using Guid(f53f33ebd5cceb144a7e1c8089859ab1) Importer(815301076,1909f56bfc062723c751e8b465ee728b)  -> (artifact id: '56b68b3d14f05fe0c11d82220637e390') in 0.049025 seconds
  Import took 0.053225 seconds .

========================================================================
Received Import Request.
  Time since last request: 0.000404 seconds.
  path: Assets/Images/Ads/mobile banner 1/banner_300x50_hearts.png
  artifactKey: Guid(04cc062769a568d4fbb16e98263e4e21) Importer(815301076,1909f56bfc062723c751e8b465ee728b)
Start importing Assets/Images/Ads/mobile banner 1/banner_300x50_hearts.png using Guid(04cc062769a568d4fbb16e98263e4e21) Importer(815301076,1909f56bfc062723c751e8b465ee728b)  -> (artifact id: '87acac7adb096971387375c0a93aa6e9') in 0.051258 seconds
  Import took 0.057382 seconds .

========================================================================
Received Import Request.
  Time since last request: 0.000407 seconds.
  path: Assets/Images/Ads/mobile banner 1/banner_300_x50_c.png
  artifactKey: Guid(9dc70bc9a50f44b458153bc5b4f6fc68) Importer(815301076,1909f56bfc062723c751e8b465ee728b)
Start importing Assets/Images/Ads/mobile banner 1/banner_300_x50_c.png using Guid(9dc70bc9a50f44b458153bc5b4f6fc68) Importer(815301076,1909f56bfc062723c751e8b465ee728b)  -> (artifact id: '6560f2ab24a8b428ad9d75dbbeb5f5fb') in 0.054289 seconds
  Import took 0.058829 seconds .

========================================================================
Received Import Request.
  Time since last request: 0.000519 seconds.
  path: Assets/Images/Ads/mobile banner 1/banner_300_x50_d.png
  artifactKey: Guid(0449c7f2aa63240479c3f15262040f7a) Importer(815301076,1909f56bfc062723c751e8b465ee728b)
Start importing Assets/Images/Ads/mobile banner 1/banner_300_x50_d.png using Guid(0449c7f2aa63240479c3f15262040f7a) Importer(815301076,1909f56bfc062723c751e8b465ee728b)  -> (artifact id: '43c624d4086a174b4bb0b38e72451bd7') in 0.049321 seconds
  Import took 0.054953 seconds .

========================================================================
Received Import Request.
  Time since last request: 0.000500 seconds.
  path: Assets/Images/Ads/mobile banner 1/banner_300x50_stars.png
  artifactKey: Guid(81a11b7d994a5a14e9473e0d75ddd7ea) Importer(815301076,1909f56bfc062723c751e8b465ee728b)
Start importing Assets/Images/Ads/mobile banner 1/banner_300x50_stars.png using Guid(81a11b7d994a5a14e9473e0d75ddd7ea) Importer(815301076,1909f56bfc062723c751e8b465ee728b)  -> (artifact id: '4555e6fac499f63e2c28f048a1859394') in 0.056409 seconds
  Import took 0.061039 seconds .

========================================================================
Received Import Request.
  Time since last request: 171.665390 seconds.
  path: Assets/Scenes/Main.unity
  artifactKey: Guid(13f017b0e9b511641a1869bdc624e5ed) Importer(815301076,1909f56bfc062723c751e8b465ee728b)
Start importing Assets/Scenes/Main.unity using Guid(13f017b0e9b511641a1869bdc624e5ed) Importer(815301076,1909f56bfc062723c751e8b465ee728b)  -> (artifact id: '6343f4956f95e3cf526934a8e0e98366') in 0.023225 seconds
  Import took 0.027719 seconds .

========================================================================
Received Prepare
Registering precompiled user dll's ...
Registered in 0.023056 seconds.
Begin MonoManager ReloadAssembly
Native extension for WindowsStandalone target not found
Refreshing native plugins compatible for Editor in 1.60 ms, found 3 plugins.
Preloading 0 native plugins for Editor in 0.00 ms.
UnityIAP: [InitializeOnLoad] Facebook Check
UnityIAP: Runtime [2020.2.1f1]
UnityIAP: Current Build is Android:Android
UnityIAP: stub FacebookStore.dll disabled
Invoked RoslynAnalysisRunner static constructor.
RoslynAnalysisRunner will not be running.
RoslynAnalysisRunner has terminated.
Mono: successfully reloaded assembly
- Completed reload, in  1.806 seconds
Platform modules already initialized, skipping
Refreshing native plugins compatible for Editor in 1.64 ms, found 3 plugins.
Preloading 0 native plugins for Editor in 0.00 ms.
Unloading 1361 Unused Serialized files (Serialized files now loaded: 0)
System memory in use before: 64.3 MB.
System memory in use after: 64.4 MB.

Unloading 74 unused Assets to reduce memory usage. Loaded Objects now: 1764.
Total: 8.606800 ms (FindLiveObjects: 0.400900 ms CreateObjectMapping: 0.167200 ms MarkObjects: 7.954800 ms  DeleteObjects: 0.080800 ms)

========================================================================
Received Prepare
Registering precompiled user dll's ...
Registered in 0.033749 seconds.
Begin MonoManager ReloadAssembly
Native extension for WindowsStandalone target not found
Refreshing native plugins compatible for Editor in 1.87 ms, found 3 plugins.
Preloading 0 native plugins for Editor in 0.00 ms.
UnityIAP: [InitializeOnLoad] Facebook Check
UnityIAP: Runtime [2020.2.1f1]
UnityIAP: Current Build is Android:Android
UnityIAP: stub FacebookStore.dll disabled
Invoked RoslynAnalysisRunner static constructor.
RoslynAnalysisRunner will not be running.
RoslynAnalysisRunner has terminated.
Mono: successfully reloaded assembly
- Completed reload, in  2.206 seconds
Platform modules already initialized, skipping
Refreshing native plugins compatible for Editor in 1.91 ms, found 3 plugins.
Preloading 0 native plugins for Editor in 0.00 ms.
Unloading 1362 Unused Serialized files (Serialized files now loaded: 0)
System memory in use before: 64.4 MB.
System memory in use after: 64.5 MB.

Unloading 74 unused Assets to reduce memory usage. Loaded Objects now: 1764.
Total: 8.172300 ms (FindLiveObjects: 0.346900 ms CreateObjectMapping: 0.077200 ms MarkObjects: 7.669700 ms  DeleteObjects: 0.074700 ms)

========================================================================
Received Prepare
Registering precompiled user dll's ...
Registered in 0.022707 seconds.
Begin MonoManager ReloadAssembly
Native extension for WindowsStandalone target not found
Refreshing native plugins compatible for Editor in 1.43 ms, found 3 plugins.
Preloading 0 native plugins for Editor in 0.00 ms.
UnityIAP: [InitializeOnLoad] Facebook Check
UnityIAP: Runtime [2020.2.1f1]
UnityIAP: Current Build is Android:Android
UnityIAP: stub FacebookStore.dll disabled
Invoked RoslynAnalysisRunner static constructor.
RoslynAnalysisRunner will not be running.
RoslynAnalysisRunner has terminated.
Mono: successfully reloaded assembly
- Completed reload, in  2.129 seconds
Platform modules already initialized, skipping
Refreshing native plugins compatible for Editor in 1.71 ms, found 3 plugins.
Preloading 0 native plugins for Editor in 0.00 ms.
Unloading 1362 Unused Serialized files (Serialized files now loaded: 0)
System memory in use before: 64.5 MB.
System memory in use after: 64.6 MB.

Unloading 74 unused Assets to reduce memory usage. Loaded Objects now: 1764.
Total: 8.689400 ms (FindLiveObjects: 0.500800 ms CreateObjectMapping: 0.090500 ms MarkObjects: 8.006200 ms  DeleteObjects: 0.086700 ms)

